<?xml version="1.0" encoding="UTF-8"?>
<!-- Generated by org.testng.reporters.JUnitXMLReporter -->
<testsuite ignored="0" hostname="DESKTOP-NKC7S6A" failures="0" tests="20" name="testng" time="3315.141" errors="0" timestamp="2026-04-16T12:28:44 IST">
  <testcase classname="PBL_SANITY.Page1_ProcessMap_Rejections_PBL" name="processMapRejectionsPage" time="204.97"/>
  <testcase classname="PBL_SANITY.Page2_gelocate_working_hours" name="gelocateWorkingHours" time="187.344"/>
  <testcase classname="PBL_SANITY.Validation_System_and_application" name="validateSystemAndApplicationCrud" time="185.032"/>
  <testcase classname="PBL_SANITY.Page3_System_applications" name="systemAndApplications" time="138.434"/>
  <testcase classname="PBL_SANITY.Validation_Products_PBL" name="validateProductCrud" time="239.162"/>
  <testcase classname="PBL_SANITY.Page4_products" name="productsPage" time="140.124"/>
  <testcase classname="PBL_SANITY.Page5_periodic_activities" name="periodicActivitiesPage" time="72.507"/>
  <testcase classname="PBL_SANITY.Page6_Volume" name="volumePage" time="102.872"/>
  <testcase classname="PBL_SANITY.Page7_AHT" name="ahtPage" time="73.827"/>
  <testcase classname="PBL_SANITY.Page8_gelocate_team_size" name="gelocate_team_size_as_is" time="106.202"/>
  <testcase classname="PBL_SANITY.Page9_Release_and_wait_type" name="wait_types" time="101.978"/>
  <testcase classname="PBL_SANITY.Page10_Deadlines" name="deadlines_9" time="203.866"/>
  <testcase classname="PBL_SANITY.Validation_Forms" name="validateSystemAndApplicationCrud" time="116.78"/>
  <testcase classname="PBL_SANITY.Page11_forms" name="forms" time="206.375"/>
  <testcase classname="PBL_SANITY.Validation_BusinessRules" name="validateSystemAndApplicationCrud" time="157.516"/>
  <testcase classname="PBL_SANITY.Page12_business_rules" name="business_rules" time="274.78"/>
  <testcase classname="PBL_SANITY.Page13_TeamSalary" name="business_rules" time="75.835"/>
  <testcase classname="PBL_SANITY.Page14_OperationSites" name="business_rules" time="145.712"/>
  <testcase classname="PBL_SANITY.Page15_NVA" name="business_rules" time="83.483"/>
  <testcase classname="PBL_SANITY.Page16_Controls" name="business_rules" time="407.116"/>
</testsuite> <!-- testng -->
