<?xml version="1.0" encoding="UTF-8"?>
<!-- Generated by org.testng.reporters.JUnitXMLReporter -->
<testsuite ignored="28" hostname="DESKTOP-NKC7S6A" failures="2" tests="15" name="testng" time="2174.27" errors="0" timestamp="2026-02-04T22:08:36 IST">
  <testcase classname="Tier0.Brokenlinks_GeolocateWorkingHours_Page" name="PageBreaks_GeolocateWorkingHours_Page" time="133.17"/>
  <testcase classname="Tier0.Brokenlink_Inputmodel_Page" name="PageBreaks_Inputmodel_Page" time="155.199"/>
  <testcase classname="Tier0.Brokenlink_Product_Page" name="PageBreaks_ProcessMap_Page" time="155.567"/>
  <testcase classname="Tier0.Brokenlink_ProcessMap_Page" name="PageBreaks_ProcessMap_Page" time="141.209"/>
  <testcase classname="Tier0.Brokenlink_Model_Insight_Page" name="PageBreaks_Model_Insight_Page" time="142.849"/>
  <testcase classname="Tier0.Brokenlink_Systems_Applications_Page" name="PageBreaks_ProcessMap_Page" time="150.302"/>
  <testcase classname="Tier0.Brokenlink_PeriodicActivities_Page" name="PageBreaks_PeriodicActivities_Page" time="144.061"/>
  <testcase classname="Tier0.Brokenlink_DecisionTree_Page" name="PageBreaks_DecisionTree_Page" time="2.445">
    <failure type="org.openqa.selenium.StaleElementReferenceException" message="stale element reference: stale element not found
  (Session info: chrome=144.0.7559.97)
For documentation on this error, please visit: https://www.selenium.dev/documentation/webdriver/troubleshooting/errors#stale-element-reference-exception
Build info: version: &amp;apos;4.23.0&amp;apos;, revision: &amp;apos;4df0a231af&amp;apos;
System info: os.name: &amp;apos;Windows 10&amp;apos;, os.arch: &amp;apos;amd64&amp;apos;, os.version: &amp;apos;10.0&amp;apos;, java.version: &amp;apos;21.0.9&amp;apos;
Driver info: org.openqa.selenium.chrome.ChromeDriver
Command: [d27c7a5c09530195da196f9ef8406f5b, sendKeysToElement {id=f.73253CD1802E50B29A5B664CA50E42BD.d.2B99DE3CF597E34409FAEFD484373A33.e.3343, value=[Ljava.lang.CharSequence;@6c427386}]
Capabilities {acceptInsecureCerts: false, browserName: chrome, browserVersion: 144.0.7559.97, chrome: {chromedriverVersion: 144.0.7559.133 (7da823b1d59..., userDataDir: C:\Users\USER\AppData\Local...}, fedcm:accounts: true, goog:chromeOptions: {debuggerAddress: localhost:51946}, goog:processID: 20616, networkConnectionEnabled: false, pageLoadStrategy: normal, platformName: windows, proxy: Proxy(), se:cdp: ws://localhost:51946/devtoo..., se:cdpVersion: 144.0.7559.97, setWindowRect: true, strictFileInteractability: false, timeouts: {implicit: 0, pageLoad: 300000, script: 30000}, unhandledPromptBehavior: dismiss and notify, webauthn:extension:credBlob: true, webauthn:extension:largeBlob: true, webauthn:extension:minPinLength: true, webauthn:extension:prf: true, webauthn:virtualAuthenticators: true}
Element: [[ChromeDriver: chrome on windows (d27c7a5c09530195da196f9ef8406f5b)] -&amp;gt; xpath: //input[@id=&amp;apos;UName&amp;apos;]]
Session ID: d27c7a5c09530195da196f9ef8406f5b">
      <![CDATA[org.openqa.selenium.StaleElementReferenceException: stale element reference: stale element not found
  (Session info: chrome=144.0.7559.97)
For documentation on this error, please visit: https://www.selenium.dev/documentation/webdriver/troubleshooting/errors#stale-element-reference-exception
Build info: version: '4.23.0', revision: '4df0a231af'
System info: os.name: 'Windows 10', os.arch: 'amd64', os.version: '10.0', java.version: '21.0.9'
Driver info: org.openqa.selenium.chrome.ChromeDriver
Command: [d27c7a5c09530195da196f9ef8406f5b, sendKeysToElement {id=f.73253CD1802E50B29A5B664CA50E42BD.d.2B99DE3CF597E34409FAEFD484373A33.e.3343, value=[Ljava.lang.CharSequence;@6c427386}]
Capabilities {acceptInsecureCerts: false, browserName: chrome, browserVersion: 144.0.7559.97, chrome: {chromedriverVersion: 144.0.7559.133 (7da823b1d59..., userDataDir: C:\Users\USER\AppData\Local...}, fedcm:accounts: true, goog:chromeOptions: {debuggerAddress: localhost:51946}, goog:processID: 20616, networkConnectionEnabled: false, pageLoadStrategy: normal, platformName: windows, proxy: Proxy(), se:cdp: ws://localhost:51946/devtoo..., se:cdpVersion: 144.0.7559.97, setWindowRect: true, strictFileInteractability: false, timeouts: {implicit: 0, pageLoad: 300000, script: 30000}, unhandledPromptBehavior: dismiss and notify, webauthn:extension:credBlob: true, webauthn:extension:largeBlob: true, webauthn:extension:minPinLength: true, webauthn:extension:prf: true, webauthn:virtualAuthenticators: true}
Element: [[ChromeDriver: chrome on windows (d27c7a5c09530195da196f9ef8406f5b)] -> xpath: //input[@id='UName']]
Session ID: d27c7a5c09530195da196f9ef8406f5b
at org.openqa.selenium.remote.ErrorCodec.decode(ErrorCodec.java:167)
at org.openqa.selenium.remote.codec.w3c.W3CHttpResponseCodec.decode(W3CHttpResponseCodec.java:138)
at org.openqa.selenium.remote.codec.w3c.W3CHttpResponseCodec.decode(W3CHttpResponseCodec.java:50)
at org.openqa.selenium.remote.HttpCommandExecutor.execute(HttpCommandExecutor.java:190)
at org.openqa.selenium.remote.service.DriverCommandExecutor.invokeExecute(DriverCommandExecutor.java:216)
at org.openqa.selenium.remote.service.DriverCommandExecutor.execute(DriverCommandExecutor.java:174)
at org.openqa.selenium.remote.RemoteWebDriver.execute(RemoteWebDriver.java:527)
at org.openqa.selenium.remote.RemoteWebElement.execute(RemoteWebElement.java:223)
at org.openqa.selenium.remote.RemoteWebElement.sendKeys(RemoteWebElement.java:110)
at Tier0.Brokenlink_DecisionTree_Page.PageBreaks_DecisionTree_Page(Brokenlink_DecisionTree_Page.java:46)
at java.base/java.util.ArrayList.forEach(ArrayList.java:1596)
... Removed 28 stack frames]]>
    </failure>
  </testcase> <!-- PageBreaks_DecisionTree_Page -->
  <testcase classname="Tier0.Brokenlink_Volume_Page" name="PageBreaks_Volume_Page" time="139.463"/>
  <testcase classname="Tier1.Page1_processmap_rejections" name="processmap_rejections" time="155.104"/>
  <testcase classname="Tier1.Page2_gelocate_working_hours" name="gelocate_working_hours" time="180.055">
    <failure type="org.openqa.selenium.TimeoutException" message="java.util.concurrent.TimeoutException
Build info: version: &amp;apos;4.23.0&amp;apos;, revision: &amp;apos;4df0a231af&amp;apos;
System info: os.name: &amp;apos;Windows 10&amp;apos;, os.arch: &amp;apos;amd64&amp;apos;, os.version: &amp;apos;10.0&amp;apos;, java.version: &amp;apos;21.0.9&amp;apos;
Driver info: org.openqa.selenium.chrome.ChromeDriver
Command: [d27c7a5c09530195da196f9ef8406f5b, get {url=https://prod.3-cubed.com/}]
Capabilities {acceptInsecureCerts: false, browserName: chrome, browserVersion: 144.0.7559.97, chrome: {chromedriverVersion: 144.0.7559.133 (7da823b1d59..., userDataDir: C:\Users\USER\AppData\Local...}, fedcm:accounts: true, goog:chromeOptions: {debuggerAddress: localhost:51946}, goog:processID: 20616, networkConnectionEnabled: false, pageLoadStrategy: normal, platformName: windows, proxy: Proxy(), se:cdp: ws://localhost:51946/devtoo..., se:cdpVersion: 144.0.7559.97, setWindowRect: true, strictFileInteractability: false, timeouts: {implicit: 0, pageLoad: 300000, script: 30000}, unhandledPromptBehavior: dismiss and notify, webauthn:extension:credBlob: true, webauthn:extension:largeBlob: true, webauthn:extension:minPinLength: true, webauthn:extension:prf: true, webauthn:virtualAuthenticators: true}
Session ID: d27c7a5c09530195da196f9ef8406f5b">
      <![CDATA[org.openqa.selenium.TimeoutException: java.util.concurrent.TimeoutException
Build info: version: '4.23.0', revision: '4df0a231af'
System info: os.name: 'Windows 10', os.arch: 'amd64', os.version: '10.0', java.version: '21.0.9'
Driver info: org.openqa.selenium.chrome.ChromeDriver
Command: [d27c7a5c09530195da196f9ef8406f5b, get {url=https://prod.3-cubed.com/}]
Capabilities {acceptInsecureCerts: false, browserName: chrome, browserVersion: 144.0.7559.97, chrome: {chromedriverVersion: 144.0.7559.133 (7da823b1d59..., userDataDir: C:\Users\USER\AppData\Local...}, fedcm:accounts: true, goog:chromeOptions: {debuggerAddress: localhost:51946}, goog:processID: 20616, networkConnectionEnabled: false, pageLoadStrategy: normal, platformName: windows, proxy: Proxy(), se:cdp: ws://localhost:51946/devtoo..., se:cdpVersion: 144.0.7559.97, setWindowRect: true, strictFileInteractability: false, timeouts: {implicit: 0, pageLoad: 300000, script: 30000}, unhandledPromptBehavior: dismiss and notify, webauthn:extension:credBlob: true, webauthn:extension:largeBlob: true, webauthn:extension:minPinLength: true, webauthn:extension:prf: true, webauthn:virtualAuthenticators: true}
Session ID: d27c7a5c09530195da196f9ef8406f5b
at org.openqa.selenium.remote.http.jdk.JdkHttpClient.execute0(JdkHttpClient.java:399)
at org.openqa.selenium.remote.http.AddSeleniumUserAgent.lambda$apply$0(AddSeleniumUserAgent.java:42)
at org.openqa.selenium.remote.http.Filter.lambda$andFinally$1(Filter.java:55)
at org.openqa.selenium.remote.http.jdk.JdkHttpClient.execute(JdkHttpClient.java:355)
at org.openqa.selenium.remote.HttpCommandExecutor.execute(HttpCommandExecutor.java:187)
at org.openqa.selenium.remote.service.DriverCommandExecutor.invokeExecute(DriverCommandExecutor.java:216)
at org.openqa.selenium.remote.service.DriverCommandExecutor.execute(DriverCommandExecutor.java:174)
at org.openqa.selenium.remote.RemoteWebDriver.execute(RemoteWebDriver.java:527)
at org.openqa.selenium.remote.RemoteWebDriver.get(RemoteWebDriver.java:302)
at Tier1.Page2_gelocate_working_hours.gelocate_working_hours(Page2_gelocate_working_hours.java:33)
at java.base/java.util.ArrayList.forEach(ArrayList.java:1596)
Caused by: java.util.concurrent.TimeoutException
at java.base/java.util.concurrent.CompletableFuture.timedGet(CompletableFuture.java:1960)
at java.base/java.util.concurrent.CompletableFuture.get(CompletableFuture.java:2095)
at org.openqa.selenium.remote.http.jdk.JdkHttpClient.execute0(JdkHttpClient.java:382)
... 35 more
... Removed 25 stack frames]]>
    </failure>
  </testcase> <!-- gelocate_working_hours -->
  <testcase classname="Tier1.Page3_System_applications" name="system_and_applications" time="49.563"/>
  <testcase classname="Tier1.Page4_products" name="products" time="110.324"/>
  <testcase classname="Tier1.Page5_periodic_activities" name="products" time="41.87"/>
  <testcase classname="Tier1.Page6_Volume" name="volume" time="357.859"/>
  <testcase classname="Base.Baseclass" name="@BeforeSuite openURL" time="0.0">
    <ignored/>
  </testcase> <!-- @BeforeSuite openURL -->
  <testcase classname="Base.Baseclass" name="@BeforeSuite openURL" time="0.0">
    <ignored/>
  </testcase> <!-- @BeforeSuite openURL -->
  <testcase classname="Base.Baseclass" name="@BeforeSuite openURL" time="0.0">
    <ignored/>
  </testcase> <!-- @BeforeSuite openURL -->
  <testcase classname="Base.Baseclass" name="@AfterSuite closeTheUrl" time="0.0">
    <ignored/>
  </testcase> <!-- @AfterSuite closeTheUrl -->
  <testcase classname="Base.Baseclass" name="@AfterSuite closeTheUrl" time="0.0">
    <ignored/>
  </testcase> <!-- @AfterSuite closeTheUrl -->
  <testcase classname="Base.Baseclass" name="@AfterSuite closeTheUrl" time="0.0">
    <ignored/>
  </testcase> <!-- @AfterSuite closeTheUrl -->
  <testcase classname="Base.Baseclass" name="@AfterSuite closeTheUrl" time="0.0">
    <ignored/>
  </testcase> <!-- @AfterSuite closeTheUrl -->
  <testcase classname="Base.Baseclass" name="@AfterSuite closeTheUrl" time="0.0">
    <ignored/>
  </testcase> <!-- @AfterSuite closeTheUrl -->
  <testcase classname="Base.Baseclass" name="@BeforeSuite openURL" time="0.0">
    <ignored/>
  </testcase> <!-- @BeforeSuite openURL -->
  <testcase classname="Base.Baseclass" name="@BeforeSuite openURL" time="0.0">
    <ignored/>
  </testcase> <!-- @BeforeSuite openURL -->
  <testcase classname="Base.Baseclass" name="@AfterSuite closeTheUrl" time="0.0">
    <ignored/>
  </testcase> <!-- @AfterSuite closeTheUrl -->
  <testcase classname="Base.Baseclass" name="@BeforeSuite openURL" time="0.0">
    <ignored/>
  </testcase> <!-- @BeforeSuite openURL -->
  <testcase classname="Base.Baseclass" name="@AfterSuite closeTheUrl" time="0.0">
    <ignored/>
  </testcase> <!-- @AfterSuite closeTheUrl -->
  <testcase classname="Base.Baseclass" name="@AfterSuite closeTheUrl" time="0.0">
    <ignored/>
  </testcase> <!-- @AfterSuite closeTheUrl -->
  <testcase classname="Base.Baseclass" name="@BeforeSuite openURL" time="0.0">
    <ignored/>
  </testcase> <!-- @BeforeSuite openURL -->
  <testcase classname="Base.Baseclass" name="@BeforeSuite openURL" time="0.0">
    <ignored/>
  </testcase> <!-- @BeforeSuite openURL -->
  <testcase classname="Base.Baseclass" name="@BeforeSuite openURL" time="0.0">
    <ignored/>
  </testcase> <!-- @BeforeSuite openURL -->
  <testcase classname="Base.Baseclass" name="@AfterSuite closeTheUrl" time="0.0">
    <ignored/>
  </testcase> <!-- @AfterSuite closeTheUrl -->
  <testcase classname="Base.Baseclass" name="@BeforeSuite openURL" time="0.0">
    <ignored/>
  </testcase> <!-- @BeforeSuite openURL -->
  <testcase classname="Base.Baseclass" name="@AfterSuite closeTheUrl" time="0.0">
    <ignored/>
  </testcase> <!-- @AfterSuite closeTheUrl -->
  <testcase classname="Base.Baseclass" name="@AfterSuite closeTheUrl" time="0.0">
    <ignored/>
  </testcase> <!-- @AfterSuite closeTheUrl -->
  <testcase classname="Base.Baseclass" name="@AfterSuite closeTheUrl" time="0.0">
    <ignored/>
  </testcase> <!-- @AfterSuite closeTheUrl -->
  <testcase classname="Base.Baseclass" name="@AfterSuite closeTheUrl" time="0.0">
    <ignored/>
  </testcase> <!-- @AfterSuite closeTheUrl -->
  <testcase classname="Base.Baseclass" name="@BeforeSuite openURL" time="0.0">
    <ignored/>
  </testcase> <!-- @BeforeSuite openURL -->
  <testcase classname="Base.Baseclass" name="@BeforeSuite openURL" time="0.0">
    <ignored/>
  </testcase> <!-- @BeforeSuite openURL -->
  <testcase classname="Base.Baseclass" name="@BeforeSuite openURL" time="0.0">
    <ignored/>
  </testcase> <!-- @BeforeSuite openURL -->
  <testcase classname="Base.Baseclass" name="@BeforeSuite openURL" time="0.0">
    <ignored/>
  </testcase> <!-- @BeforeSuite openURL -->
  <testcase classname="Base.Baseclass" name="@AfterSuite closeTheUrl" time="0.0">
    <ignored/>
  </testcase> <!-- @AfterSuite closeTheUrl -->
</testsuite> <!-- testng -->
