<?xml version="1.0" encoding="UTF-8"?>
<!-- Generated by org.testng.reporters.JUnitXMLReporter -->
<testsuite ignored="0" hostname="DESKTOP-NKC7S6A" failures="0" tests="11" name="testng" time="2713.367" errors="0" timestamp="2026-04-16T09:51:22 IST">
  <testcase classname="PBL_SANITY.Page1_ProcessMap_Rejections_PBL" name="processMapRejectionsPage" time="208.936"/>
  <testcase classname="PBL_SANITY.Page2_gelocate_working_hours" name="gelocateWorkingHours" time="238.171"/>
  <testcase classname="PBL_SANITY.Validation_System_and_application" name="validateSystemAndApplicationCrud" time="231.026"/>
  <testcase classname="PBL_SANITY.Page3_System_applications" name="systemAndApplications" time="146.825"/>
  <testcase classname="PBL_SANITY.Validation_Products_PBL" name="validateProductCrud" time="272.675"/>
  <testcase classname="PBL_SANITY.Page4_products" name="productsPage" time="150.248"/>
  <testcase classname="PBL_SANITY.Page5_periodic_activities" name="periodicActivitiesPage" time="106.914"/>
  <testcase classname="PBL_SANITY.Page6_Volume" name="volumePage" time="165.618"/>
  <testcase classname="PBL_SANITY.Page7_AHT" name="ahtPage" time="118.781"/>
  <testcase classname="PBL_SANITY.Page8_gelocate_team_size" name="gelocate_team_size_as_is" time="353.832"/>
  <testcase classname="PBL_SANITY.Page9_Release_and_wait_type" name="wait_types" time="275.646"/>
</testsuite> <!-- testng -->
