<?xml version="1.0" encoding="UTF-8"?>
<!-- Generated by org.testng.reporters.JUnitXMLReporter -->
<testsuite ignored="28" hostname="DESKTOP-NKC7S6A" failures="0" tests="0" name="testng" time="0.514" errors="0" timestamp="2026-02-04T23:07:23 IST">
  <testcase classname="Base.Baseclass" name="@AfterSuite closeTheUrl" time="0.0">
    <ignored/>
  </testcase> <!-- @AfterSuite closeTheUrl -->
  <testcase classname="Base.Baseclass" name="@BeforeSuite openURL" time="0.0">
    <ignored/>
  </testcase> <!-- @BeforeSuite openURL -->
  <testcase classname="Base.Baseclass" name="@BeforeSuite openURL" time="0.0">
    <ignored/>
  </testcase> <!-- @BeforeSuite openURL -->
  <testcase classname="Base.Baseclass" name="@BeforeSuite openURL" time="0.0">
    <ignored/>
  </testcase> <!-- @BeforeSuite openURL -->
  <testcase classname="Base.Baseclass" name="@BeforeSuite openURL" time="0.0">
    <ignored/>
  </testcase> <!-- @BeforeSuite openURL -->
  <testcase classname="Base.Baseclass" name="@AfterSuite closeTheUrl" time="0.0">
    <ignored/>
  </testcase> <!-- @AfterSuite closeTheUrl -->
  <testcase classname="Base.Baseclass" name="@BeforeSuite openURL" time="0.0">
    <ignored/>
  </testcase> <!-- @BeforeSuite openURL -->
  <testcase classname="Base.Baseclass" name="@AfterSuite closeTheUrl" time="0.0">
    <ignored/>
  </testcase> <!-- @AfterSuite closeTheUrl -->
  <testcase classname="Base.Baseclass" name="@BeforeSuite openURL" time="0.0">
    <ignored/>
  </testcase> <!-- @BeforeSuite openURL -->
  <testcase classname="Base.Baseclass" name="@AfterSuite closeTheUrl" time="0.0">
    <ignored/>
  </testcase> <!-- @AfterSuite closeTheUrl -->
  <testcase classname="Base.Baseclass" name="@AfterSuite closeTheUrl" time="0.0">
    <ignored/>
  </testcase> <!-- @AfterSuite closeTheUrl -->
  <testcase classname="Base.Baseclass" name="@BeforeSuite openURL" time="0.0">
    <ignored/>
  </testcase> <!-- @BeforeSuite openURL -->
  <testcase classname="Base.Baseclass" name="@BeforeSuite openURL" time="0.0">
    <ignored/>
  </testcase> <!-- @BeforeSuite openURL -->
  <testcase classname="Base.Baseclass" name="@BeforeSuite openURL" time="0.0">
    <ignored/>
  </testcase> <!-- @BeforeSuite openURL -->
  <testcase classname="Base.Baseclass" name="@AfterSuite closeTheUrl" time="0.0">
    <ignored/>
  </testcase> <!-- @AfterSuite closeTheUrl -->
  <testcase classname="Base.Baseclass" name="@AfterSuite closeTheUrl" time="0.0">
    <ignored/>
  </testcase> <!-- @AfterSuite closeTheUrl -->
  <testcase classname="Base.Baseclass" name="@AfterSuite closeTheUrl" time="0.0">
    <ignored/>
  </testcase> <!-- @AfterSuite closeTheUrl -->
  <testcase classname="Base.Baseclass" name="@AfterSuite closeTheUrl" time="0.0">
    <ignored/>
  </testcase> <!-- @AfterSuite closeTheUrl -->
  <testcase classname="Base.Baseclass" name="@BeforeSuite openURL" time="0.0">
    <ignored/>
  </testcase> <!-- @BeforeSuite openURL -->
  <testcase classname="Base.Baseclass" name="@AfterSuite closeTheUrl" time="0.0">
    <ignored/>
  </testcase> <!-- @AfterSuite closeTheUrl -->
  <testcase classname="Base.Baseclass" name="@BeforeSuite openURL" time="0.0">
    <ignored/>
  </testcase> <!-- @BeforeSuite openURL -->
  <testcase classname="Base.Baseclass" name="@BeforeSuite openURL" time="0.0">
    <ignored/>
  </testcase> <!-- @BeforeSuite openURL -->
  <testcase classname="Base.Baseclass" name="@AfterSuite closeTheUrl" time="0.0">
    <ignored/>
  </testcase> <!-- @AfterSuite closeTheUrl -->
  <testcase classname="Base.Baseclass" name="@AfterSuite closeTheUrl" time="0.0">
    <ignored/>
  </testcase> <!-- @AfterSuite closeTheUrl -->
  <testcase classname="Base.Baseclass" name="@AfterSuite closeTheUrl" time="0.0">
    <ignored/>
  </testcase> <!-- @AfterSuite closeTheUrl -->
  <testcase classname="Base.Baseclass" name="@BeforeSuite openURL" time="0.0">
    <ignored/>
  </testcase> <!-- @BeforeSuite openURL -->
  <testcase classname="Base.Baseclass" name="@BeforeSuite openURL" time="0.0">
    <ignored/>
  </testcase> <!-- @BeforeSuite openURL -->
  <testcase classname="Base.Baseclass" name="@AfterSuite closeTheUrl" time="0.0">
    <ignored/>
  </testcase> <!-- @AfterSuite closeTheUrl -->
</testsuite> <!-- testng -->
