<?xml version="1.0" encoding="UTF-8"?>
<testng-results ignored="0" total="1" passed="1" failed="0" skipped="0">
  <reporter-output>
  </reporter-output>
  <suite started-at="2026-04-16T00:52:15 IST" name="Default suite" finished-at="2026-04-16T01:00:50 IST" duration-ms="514554">
    <groups>
    </groups>
    <test started-at="2026-04-16T00:52:15 IST" name="Default test" finished-at="2026-04-16T01:00:50 IST" duration-ms="514554">
      <class name="PBL_SANITY.Page16_Controls">
        <test-method is-config="true" signature="setUp()[pri:0, instance:PBL_SANITY.Page16_Controls@77888435]" started-at="2026-04-16T00:52:15 IST" name="setUp" finished-at="2026-04-16T00:52:18 IST" duration-ms="2539" status="PASS">
          <reporter-output>
          </reporter-output>
        </test-method> <!-- setUp -->
        <test-method signature="business_rules()[pri:0, instance:PBL_SANITY.Page16_Controls@77888435]" started-at="2026-04-16T00:52:18 IST" name="business_rules" finished-at="2026-04-16T01:00:44 IST" duration-ms="506288" status="PASS">
          <reporter-output>
          </reporter-output>
        </test-method> <!-- business_rules -->
        <test-method is-config="true" signature="tearDown()[pri:0, instance:PBL_SANITY.Page16_Controls@77888435]" started-at="2026-04-16T01:00:44 IST" name="tearDown" finished-at="2026-04-16T01:00:50 IST" duration-ms="5662" status="PASS">
          <reporter-output>
          </reporter-output>
        </test-method> <!-- tearDown -->
      </class> <!-- PBL_SANITY.Page16_Controls -->
    </test> <!-- Default test -->
  </suite> <!-- Default suite -->
</testng-results>
