<?xml version="1.0" encoding="UTF-8"?>
<testng-results ignored="0" total="20" passed="20" failed="0" skipped="0">
  <reporter-output>
  </reporter-output>
  <suite started-at="2026-04-16T11:33:28 IST" name="Suite" finished-at="2026-04-16T12:28:43 IST" duration-ms="3315141">
    <groups>
    </groups>
    <test started-at="2026-04-16T11:33:28 IST" name="testng" finished-at="2026-04-16T12:28:43 IST" duration-ms="3315141">
      <class name="PBL_SANITY.Page6_Volume">
        <test-method is-config="true" signature="setUp()[pri:0, instance:PBL_SANITY.Page6_Volume@31190526]" started-at="2026-04-16T11:53:29 IST" name="setUp" finished-at="2026-04-16T11:53:31 IST" duration-ms="1299" status="PASS">
          <reporter-output>
          </reporter-output>
        </test-method> <!-- setUp -->
        <test-method signature="volumePage()[pri:0, instance:PBL_SANITY.Page6_Volume@31190526]" started-at="2026-04-16T11:53:31 IST" name="volumePage" finished-at="2026-04-16T11:55:14 IST" duration-ms="102872" status="PASS">
          <reporter-output>
          </reporter-output>
        </test-method> <!-- volumePage -->
        <test-method is-config="true" signature="tearDown()[pri:0, instance:PBL_SANITY.Page6_Volume@31190526]" started-at="2026-04-16T11:55:14 IST" name="tearDown" finished-at="2026-04-16T11:55:17 IST" duration-ms="3867" status="PASS">
          <reporter-output>
          </reporter-output>
        </test-method> <!-- tearDown -->
      </class> <!-- PBL_SANITY.Page6_Volume -->
      <class name="PBL_SANITY.Page12_business_rules">
        <test-method is-config="true" signature="setUp()[pri:0, instance:PBL_SANITY.Page12_business_rules@3eb738bb]" started-at="2026-04-16T12:11:55 IST" name="setUp" finished-at="2026-04-16T12:11:56 IST" duration-ms="1316" status="PASS">
          <reporter-output>
          </reporter-output>
        </test-method> <!-- setUp -->
        <test-method signature="business_rules()[pri:0, instance:PBL_SANITY.Page12_business_rules@3eb738bb]" started-at="2026-04-16T12:11:56 IST" name="business_rules" finished-at="2026-04-16T12:16:31 IST" duration-ms="274780" status="PASS">
          <reporter-output>
          </reporter-output>
        </test-method> <!-- business_rules -->
        <test-method is-config="true" signature="tearDown()[pri:0, instance:PBL_SANITY.Page12_business_rules@3eb738bb]" started-at="2026-04-16T12:16:31 IST" name="tearDown" finished-at="2026-04-16T12:16:34 IST" duration-ms="3234" status="PASS">
          <reporter-output>
          </reporter-output>
        </test-method> <!-- tearDown -->
      </class> <!-- PBL_SANITY.Page12_business_rules -->
      <class name="PBL_SANITY.Validation_BusinessRules">
        <test-method is-config="true" signature="setUp()[pri:0, instance:PBL_SANITY.Validation_BusinessRules@233795b6]" started-at="2026-04-16T12:09:13 IST" name="setUp" finished-at="2026-04-16T12:09:14 IST" duration-ms="1410" status="PASS">
          <reporter-output>
          </reporter-output>
        </test-method> <!-- setUp -->
        <test-method signature="validateSystemAndApplicationCrud()[pri:0, instance:PBL_SANITY.Validation_BusinessRules@233795b6]" started-at="2026-04-16T12:09:14 IST" name="validateSystemAndApplicationCrud" finished-at="2026-04-16T12:11:52 IST" duration-ms="157516" status="PASS">
          <reporter-output>
          </reporter-output>
        </test-method> <!-- validateSystemAndApplicationCrud -->
        <test-method is-config="true" signature="tearDown()[pri:0, instance:PBL_SANITY.Validation_BusinessRules@233795b6]" started-at="2026-04-16T12:11:52 IST" name="tearDown" finished-at="2026-04-16T12:11:55 IST" duration-ms="3024" status="PASS">
          <reporter-output>
          </reporter-output>
        </test-method> <!-- tearDown -->
      </class> <!-- PBL_SANITY.Validation_BusinessRules -->
      <class name="PBL_SANITY.Page3_System_applications">
        <test-method is-config="true" signature="setUp()[pri:0, instance:PBL_SANITY.Page3_System_applications@682b2fa]" started-at="2026-04-16T11:43:22 IST" name="setUp" finished-at="2026-04-16T11:43:23 IST" duration-ms="1303" status="PASS">
          <reporter-output>
          </reporter-output>
        </test-method> <!-- setUp -->
        <test-method signature="systemAndApplications()[pri:0, instance:PBL_SANITY.Page3_System_applications@682b2fa]" started-at="2026-04-16T11:43:23 IST" name="systemAndApplications" finished-at="2026-04-16T11:45:41 IST" duration-ms="138434" status="PASS">
          <reporter-output>
          </reporter-output>
        </test-method> <!-- systemAndApplications -->
        <test-method is-config="true" signature="tearDown()[pri:0, instance:PBL_SANITY.Page3_System_applications@682b2fa]" started-at="2026-04-16T11:45:41 IST" name="tearDown" finished-at="2026-04-16T11:45:44 IST" duration-ms="2766" status="PASS">
          <reporter-output>
          </reporter-output>
        </test-method> <!-- tearDown -->
      </class> <!-- PBL_SANITY.Page3_System_applications -->
      <class name="PBL_SANITY.Page5_periodic_activities">
        <test-method is-config="true" signature="setUp()[pri:0, instance:PBL_SANITY.Page5_periodic_activities@229f66ed]" started-at="2026-04-16T11:52:12 IST" name="setUp" finished-at="2026-04-16T11:52:13 IST" duration-ms="1389" status="PASS">
          <reporter-output>
          </reporter-output>
        </test-method> <!-- setUp -->
        <test-method signature="periodicActivitiesPage()[pri:0, instance:PBL_SANITY.Page5_periodic_activities@229f66ed]" started-at="2026-04-16T11:52:13 IST" name="periodicActivitiesPage" finished-at="2026-04-16T11:53:26 IST" duration-ms="72507" status="PASS">
          <reporter-output>
          </reporter-output>
        </test-method> <!-- periodicActivitiesPage -->
        <test-method is-config="true" signature="tearDown()[pri:0, instance:PBL_SANITY.Page5_periodic_activities@229f66ed]" started-at="2026-04-16T11:53:26 IST" name="tearDown" finished-at="2026-04-16T11:53:29 IST" duration-ms="3433" status="PASS">
          <reporter-output>
          </reporter-output>
        </test-method> <!-- tearDown -->
      </class> <!-- PBL_SANITY.Page5_periodic_activities -->
      <class name="PBL_SANITY.Page1_ProcessMap_Rejections_PBL">
        <test-method is-config="true" signature="setUp()[pri:0, instance:PBL_SANITY.Page1_ProcessMap_Rejections_PBL@515c6049]" started-at="2026-04-16T11:33:29 IST" name="setUp" finished-at="2026-04-16T11:33:32 IST" duration-ms="3420" status="PASS">
          <reporter-output>
          </reporter-output>
        </test-method> <!-- setUp -->
        <test-method signature="processMapRejectionsPage()[pri:0, instance:PBL_SANITY.Page1_ProcessMap_Rejections_PBL@515c6049]" started-at="2026-04-16T11:33:32 IST" name="processMapRejectionsPage" finished-at="2026-04-16T11:36:57 IST" duration-ms="204970" status="PASS">
          <reporter-output>
          </reporter-output>
        </test-method> <!-- processMapRejectionsPage -->
        <test-method is-config="true" signature="tearDown()[pri:0, instance:PBL_SANITY.Page1_ProcessMap_Rejections_PBL@515c6049]" started-at="2026-04-16T11:36:57 IST" name="tearDown" finished-at="2026-04-16T11:37:00 IST" duration-ms="3043" status="PASS">
          <reporter-output>
          </reporter-output>
        </test-method> <!-- tearDown -->
      </class> <!-- PBL_SANITY.Page1_ProcessMap_Rejections_PBL -->
      <class name="PBL_SANITY.Page14_OperationSites">
        <test-method is-config="true" signature="setUp()[pri:0, instance:PBL_SANITY.Page14_OperationSites@1e800aaa]" started-at="2026-04-16T12:17:54 IST" name="setUp" finished-at="2026-04-16T12:17:56 IST" duration-ms="1445" status="PASS">
          <reporter-output>
          </reporter-output>
        </test-method> <!-- setUp -->
        <test-method signature="business_rules()[pri:0, instance:PBL_SANITY.Page14_OperationSites@1e800aaa]" started-at="2026-04-16T12:17:56 IST" name="business_rules" finished-at="2026-04-16T12:20:21 IST" duration-ms="145712" status="PASS">
          <reporter-output>
          </reporter-output>
        </test-method> <!-- business_rules -->
        <test-method is-config="true" signature="tearDown()[pri:0, instance:PBL_SANITY.Page14_OperationSites@1e800aaa]" started-at="2026-04-16T12:20:21 IST" name="tearDown" finished-at="2026-04-16T12:20:25 IST" duration-ms="3080" status="PASS">
          <reporter-output>
          </reporter-output>
        </test-method> <!-- tearDown -->
      </class> <!-- PBL_SANITY.Page14_OperationSites -->
      <class name="PBL_SANITY.Page10_Deadlines">
        <test-method is-config="true" signature="setUp()[pri:0, instance:PBL_SANITY.Page10_Deadlines@477b4cdf]" started-at="2026-04-16T12:00:12 IST" name="setUp" finished-at="2026-04-16T12:00:14 IST" duration-ms="1351" status="PASS">
          <reporter-output>
          </reporter-output>
        </test-method> <!-- setUp -->
        <test-method signature="deadlines_9()[pri:0, instance:PBL_SANITY.Page10_Deadlines@477b4cdf]" started-at="2026-04-16T12:00:14 IST" name="deadlines_9" finished-at="2026-04-16T12:03:37 IST" duration-ms="203866" status="PASS">
          <reporter-output>
          </reporter-output>
        </test-method> <!-- deadlines_9 -->
        <test-method is-config="true" signature="tearDown()[pri:0, instance:PBL_SANITY.Page10_Deadlines@477b4cdf]" started-at="2026-04-16T12:03:37 IST" name="tearDown" finished-at="2026-04-16T12:03:40 IST" duration-ms="3077" status="PASS">
          <reporter-output>
          </reporter-output>
        </test-method> <!-- tearDown -->
      </class> <!-- PBL_SANITY.Page10_Deadlines -->
      <class name="PBL_SANITY.Validation_Forms">
        <test-method is-config="true" signature="setUp()[pri:0, instance:PBL_SANITY.Validation_Forms@77c2494c]" started-at="2026-04-16T12:03:40 IST" name="setUp" finished-at="2026-04-16T12:03:42 IST" duration-ms="1336" status="PASS">
          <reporter-output>
          </reporter-output>
        </test-method> <!-- setUp -->
        <test-method signature="validateSystemAndApplicationCrud()[pri:0, instance:PBL_SANITY.Validation_Forms@77c2494c]" started-at="2026-04-16T12:03:42 IST" name="validateSystemAndApplicationCrud" finished-at="2026-04-16T12:05:39 IST" duration-ms="116780" status="PASS">
          <reporter-output>
          </reporter-output>
        </test-method> <!-- validateSystemAndApplicationCrud -->
        <test-method is-config="true" signature="tearDown()[pri:0, instance:PBL_SANITY.Validation_Forms@77c2494c]" started-at="2026-04-16T12:05:39 IST" name="tearDown" finished-at="2026-04-16T12:05:42 IST" duration-ms="3064" status="PASS">
          <reporter-output>
          </reporter-output>
        </test-method> <!-- tearDown -->
      </class> <!-- PBL_SANITY.Validation_Forms -->
      <class name="PBL_SANITY.Page16_Controls">
        <test-method is-config="true" signature="setUp()[pri:0, instance:PBL_SANITY.Page16_Controls@6f03482]" started-at="2026-04-16T12:21:52 IST" name="setUp" finished-at="2026-04-16T12:21:54 IST" duration-ms="1285" status="PASS">
          <reporter-output>
          </reporter-output>
        </test-method> <!-- setUp -->
        <test-method signature="business_rules()[pri:0, instance:PBL_SANITY.Page16_Controls@6f03482]" started-at="2026-04-16T12:21:54 IST" name="business_rules" finished-at="2026-04-16T12:28:41 IST" duration-ms="407116" status="PASS">
          <reporter-output>
          </reporter-output>
        </test-method> <!-- business_rules -->
        <test-method is-config="true" signature="tearDown()[pri:0, instance:PBL_SANITY.Page16_Controls@6f03482]" started-at="2026-04-16T12:28:41 IST" name="tearDown" finished-at="2026-04-16T12:28:43 IST" duration-ms="2789" status="PASS">
          <reporter-output>
          </reporter-output>
        </test-method> <!-- tearDown -->
      </class> <!-- PBL_SANITY.Page16_Controls -->
      <class name="PBL_SANITY.Page7_AHT">
        <test-method is-config="true" signature="setUp()[pri:0, instance:PBL_SANITY.Page7_AHT@662ac478]" started-at="2026-04-16T11:55:17 IST" name="setUp" finished-at="2026-04-16T11:55:19 IST" duration-ms="1284" status="PASS">
          <reporter-output>
          </reporter-output>
        </test-method> <!-- setUp -->
        <test-method signature="ahtPage()[pri:0, instance:PBL_SANITY.Page7_AHT@662ac478]" started-at="2026-04-16T11:55:19 IST" name="ahtPage" finished-at="2026-04-16T11:56:33 IST" duration-ms="73827" status="PASS">
          <reporter-output>
          </reporter-output>
        </test-method> <!-- ahtPage -->
        <test-method is-config="true" signature="tearDown()[pri:0, instance:PBL_SANITY.Page7_AHT@662ac478]" started-at="2026-04-16T11:56:33 IST" name="tearDown" finished-at="2026-04-16T11:56:35 IST" duration-ms="2938" status="PASS">
          <reporter-output>
          </reporter-output>
        </test-method> <!-- tearDown -->
      </class> <!-- PBL_SANITY.Page7_AHT -->
      <class name="PBL_SANITY.Page11_forms">
        <test-method is-config="true" signature="setUp()[pri:0, instance:PBL_SANITY.Page11_forms@f5958c9]" started-at="2026-04-16T12:05:42 IST" name="setUp" finished-at="2026-04-16T12:05:43 IST" duration-ms="1382" status="PASS">
          <reporter-output>
          </reporter-output>
        </test-method> <!-- setUp -->
        <test-method signature="forms()[pri:0, instance:PBL_SANITY.Page11_forms@f5958c9]" started-at="2026-04-16T12:05:43 IST" name="forms" finished-at="2026-04-16T12:09:09 IST" duration-ms="206375" status="PASS">
          <reporter-output>
          </reporter-output>
        </test-method> <!-- forms -->
        <test-method is-config="true" signature="tearDown()[pri:0, instance:PBL_SANITY.Page11_forms@f5958c9]" started-at="2026-04-16T12:09:09 IST" name="tearDown" finished-at="2026-04-16T12:09:13 IST" duration-ms="3427" status="PASS">
          <reporter-output>
          </reporter-output>
        </test-method> <!-- tearDown -->
      </class> <!-- PBL_SANITY.Page11_forms -->
      <class name="PBL_SANITY.Page8_gelocate_team_size">
        <test-method is-config="true" signature="setUp()[pri:0, instance:PBL_SANITY.Page8_gelocate_team_size@6743e411]" started-at="2026-04-16T11:56:35 IST" name="setUp" finished-at="2026-04-16T11:56:37 IST" duration-ms="1336" status="PASS">
          <reporter-output>
          </reporter-output>
        </test-method> <!-- setUp -->
        <test-method signature="gelocate_team_size_as_is()[pri:0, instance:PBL_SANITY.Page8_gelocate_team_size@6743e411]" started-at="2026-04-16T11:56:37 IST" name="gelocate_team_size_as_is" finished-at="2026-04-16T11:58:23 IST" duration-ms="106202" status="PASS">
          <reporter-output>
          </reporter-output>
        </test-method> <!-- gelocate_team_size_as_is -->
        <test-method is-config="true" signature="tearDown()[pri:0, instance:PBL_SANITY.Page8_gelocate_team_size@6743e411]" started-at="2026-04-16T11:58:23 IST" name="tearDown" finished-at="2026-04-16T11:58:26 IST" duration-ms="2881" status="PASS">
          <reporter-output>
          </reporter-output>
        </test-method> <!-- tearDown -->
      </class> <!-- PBL_SANITY.Page8_gelocate_team_size -->
      <class name="PBL_SANITY.Page2_gelocate_working_hours">
        <test-method is-config="true" signature="setUp()[pri:0, instance:PBL_SANITY.Page2_gelocate_working_hours@385c9627]" started-at="2026-04-16T11:37:00 IST" name="setUp" finished-at="2026-04-16T11:37:02 IST" duration-ms="1471" status="PASS">
          <reporter-output>
          </reporter-output>
        </test-method> <!-- setUp -->
        <test-method signature="gelocateWorkingHours()[pri:0, instance:PBL_SANITY.Page2_gelocate_working_hours@385c9627]" started-at="2026-04-16T11:37:02 IST" name="gelocateWorkingHours" finished-at="2026-04-16T11:40:09 IST" duration-ms="187344" status="PASS">
          <reporter-output>
          </reporter-output>
        </test-method> <!-- gelocateWorkingHours -->
        <test-method is-config="true" signature="tearDown()[pri:0, instance:PBL_SANITY.Page2_gelocate_working_hours@385c9627]" started-at="2026-04-16T11:40:09 IST" name="tearDown" finished-at="2026-04-16T11:40:12 IST" duration-ms="3088" status="PASS">
          <reporter-output>
          </reporter-output>
        </test-method> <!-- tearDown -->
      </class> <!-- PBL_SANITY.Page2_gelocate_working_hours -->
      <class name="PBL_SANITY.Page4_products">
        <test-method is-config="true" signature="setUp()[pri:0, instance:PBL_SANITY.Page4_products@7dcf94f8]" started-at="2026-04-16T11:49:48 IST" name="setUp" finished-at="2026-04-16T11:49:49 IST" duration-ms="1321" status="PASS">
          <reporter-output>
          </reporter-output>
        </test-method> <!-- setUp -->
        <test-method signature="productsPage()[pri:0, instance:PBL_SANITY.Page4_products@7dcf94f8]" started-at="2026-04-16T11:49:49 IST" name="productsPage" finished-at="2026-04-16T11:52:09 IST" duration-ms="140124" status="PASS">
          <reporter-output>
          </reporter-output>
        </test-method> <!-- productsPage -->
        <test-method is-config="true" signature="tearDown()[pri:0, instance:PBL_SANITY.Page4_products@7dcf94f8]" started-at="2026-04-16T11:52:09 IST" name="tearDown" finished-at="2026-04-16T11:52:12 IST" duration-ms="2746" status="PASS">
          <reporter-output>
          </reporter-output>
        </test-method> <!-- tearDown -->
      </class> <!-- PBL_SANITY.Page4_products -->
      <class name="PBL_SANITY.Page9_Release_and_wait_type">
        <test-method is-config="true" signature="setUp()[pri:0, instance:PBL_SANITY.Page9_Release_and_wait_type@3eb25e1a]" started-at="2026-04-16T11:58:26 IST" name="setUp" finished-at="2026-04-16T11:58:27 IST" duration-ms="1335" status="PASS">
          <reporter-output>
          </reporter-output>
        </test-method> <!-- setUp -->
        <test-method signature="wait_types()[pri:0, instance:PBL_SANITY.Page9_Release_and_wait_type@3eb25e1a]" started-at="2026-04-16T11:58:27 IST" name="wait_types" finished-at="2026-04-16T12:00:09 IST" duration-ms="101978" status="PASS">
          <reporter-output>
          </reporter-output>
        </test-method> <!-- wait_types -->
        <test-method is-config="true" signature="tearDown()[pri:0, instance:PBL_SANITY.Page9_Release_and_wait_type@3eb25e1a]" started-at="2026-04-16T12:00:09 IST" name="tearDown" finished-at="2026-04-16T12:00:12 IST" duration-ms="2940" status="PASS">
          <reporter-output>
          </reporter-output>
        </test-method> <!-- tearDown -->
      </class> <!-- PBL_SANITY.Page9_Release_and_wait_type -->
      <class name="PBL_SANITY.Page15_NVA">
        <test-method is-config="true" signature="setUp()[pri:0, instance:PBL_SANITY.Page15_NVA@185a6e9]" started-at="2026-04-16T12:20:25 IST" name="setUp" finished-at="2026-04-16T12:20:26 IST" duration-ms="1396" status="PASS">
          <reporter-output>
          </reporter-output>
        </test-method> <!-- setUp -->
        <test-method signature="business_rules()[pri:0, instance:PBL_SANITY.Page15_NVA@185a6e9]" started-at="2026-04-16T12:20:26 IST" name="business_rules" finished-at="2026-04-16T12:21:49 IST" duration-ms="83483" status="PASS">
          <reporter-output>
          </reporter-output>
        </test-method> <!-- business_rules -->
        <test-method is-config="true" signature="tearDown()[pri:0, instance:PBL_SANITY.Page15_NVA@185a6e9]" started-at="2026-04-16T12:21:49 IST" name="tearDown" finished-at="2026-04-16T12:21:52 IST" duration-ms="2869" status="PASS">
          <reporter-output>
          </reporter-output>
        </test-method> <!-- tearDown -->
      </class> <!-- PBL_SANITY.Page15_NVA -->
      <class name="PBL_SANITY.Validation_System_and_application">
        <test-method is-config="true" signature="setUp()[pri:0, instance:PBL_SANITY.Validation_System_and_application@139982de]" started-at="2026-04-16T11:40:12 IST" name="setUp" finished-at="2026-04-16T11:40:14 IST" duration-ms="1424" status="PASS">
          <reporter-output>
          </reporter-output>
        </test-method> <!-- setUp -->
        <test-method signature="validateSystemAndApplicationCrud()[pri:0, instance:PBL_SANITY.Validation_System_and_application@139982de]" started-at="2026-04-16T11:40:14 IST" name="validateSystemAndApplicationCrud" finished-at="2026-04-16T11:43:19 IST" duration-ms="185032" status="PASS">
          <reporter-output>
          </reporter-output>
        </test-method> <!-- validateSystemAndApplicationCrud -->
        <test-method is-config="true" signature="tearDown()[pri:0, instance:PBL_SANITY.Validation_System_and_application@139982de]" started-at="2026-04-16T11:43:19 IST" name="tearDown" finished-at="2026-04-16T11:43:22 IST" duration-ms="3013" status="PASS">
          <reporter-output>
          </reporter-output>
        </test-method> <!-- tearDown -->
      </class> <!-- PBL_SANITY.Validation_System_and_application -->
      <class name="PBL_SANITY.Validation_Products_PBL">
        <test-method is-config="true" signature="setUp()[pri:0, instance:PBL_SANITY.Validation_Products_PBL@217ed35e]" started-at="2026-04-16T11:45:44 IST" name="setUp" finished-at="2026-04-16T11:45:46 IST" duration-ms="1539" status="PASS">
          <reporter-output>
          </reporter-output>
        </test-method> <!-- setUp -->
        <test-method signature="validateProductCrud()[pri:0, instance:PBL_SANITY.Validation_Products_PBL@217ed35e]" started-at="2026-04-16T11:45:46 IST" name="validateProductCrud" finished-at="2026-04-16T11:49:45 IST" duration-ms="239162" status="PASS">
          <reporter-output>
          </reporter-output>
        </test-method> <!-- validateProductCrud -->
        <test-method is-config="true" signature="tearDown()[pri:0, instance:PBL_SANITY.Validation_Products_PBL@217ed35e]" started-at="2026-04-16T11:49:45 IST" name="tearDown" finished-at="2026-04-16T11:49:48 IST" duration-ms="3024" status="PASS">
          <reporter-output>
          </reporter-output>
        </test-method> <!-- tearDown -->
      </class> <!-- PBL_SANITY.Validation_Products_PBL -->
      <class name="PBL_SANITY.Page13_TeamSalary">
        <test-method is-config="true" signature="setUp()[pri:0, instance:PBL_SANITY.Page13_TeamSalary@5bda8e08]" started-at="2026-04-16T12:16:34 IST" name="setUp" finished-at="2026-04-16T12:16:36 IST" duration-ms="1489" status="PASS">
          <reporter-output>
          </reporter-output>
        </test-method> <!-- setUp -->
        <test-method signature="business_rules()[pri:0, instance:PBL_SANITY.Page13_TeamSalary@5bda8e08]" started-at="2026-04-16T12:16:36 IST" name="business_rules" finished-at="2026-04-16T12:17:51 IST" duration-ms="75835" status="PASS">
          <reporter-output>
          </reporter-output>
        </test-method> <!-- business_rules -->
        <test-method is-config="true" signature="tearDown()[pri:0, instance:PBL_SANITY.Page13_TeamSalary@5bda8e08]" started-at="2026-04-16T12:17:51 IST" name="tearDown" finished-at="2026-04-16T12:17:54 IST" duration-ms="2834" status="PASS">
          <reporter-output>
          </reporter-output>
        </test-method> <!-- tearDown -->
      </class> <!-- PBL_SANITY.Page13_TeamSalary -->
    </test> <!-- testng -->
  </suite> <!-- Suite -->
</testng-results>
