<?xml version="1.0" encoding="UTF-8"?>
<!-- Generated by org.testng.reporters.JUnitReportReporter -->
<testsuite hostname="DESKTOP-NKC7S6A" failures="0" tests="1" name="Tier0.Brokenlinks_GeolocateWorkingHours_Page" time="110.818" errors="0" timestamp="2026-02-05T11:02:33 IST" skipped="0">
  <testcase classname="Tier0.Brokenlinks_GeolocateWorkingHours_Page" name="PageBreaks_GeolocateWorkingHours_Page" time="110.818"/>
  <system-out/>
</testsuite> <!-- Tier0.Brokenlinks_GeolocateWorkingHours_Page -->
