<?xml version="1.0" encoding="UTF-8"?>
<!-- Generated by org.testng.reporters.JUnitReportReporter -->
<testsuite hostname="DESKTOP-NKC7S6A" failures="0" tests="1" name="Tier0.Brokenlinks_GeolocateWorkingHours_Page" time="133.170" errors="0" timestamp="2026-02-04T22:08:37 IST" skipped="0">
  <testcase classname="Tier0.Brokenlinks_GeolocateWorkingHours_Page" name="PageBreaks_GeolocateWorkingHours_Page" time="133.170"/>
  <system-out/>
</testsuite> <!-- Tier0.Brokenlinks_GeolocateWorkingHours_Page -->
